[debug] [2023-04-07T03:53:41.176Z] ----------------------------------------------------------------------
[debug] [2023-04-07T03:53:41.181Z] Command:       /usr/local/lib/node_modules/node/bin/node /usr/local/bin/firebase deploy --only functions:handleTwilioRequests
[debug] [2023-04-07T03:53:41.182Z] CLI Version:   11.16.0
[debug] [2023-04-07T03:53:41.182Z] Platform:      darwin
[debug] [2023-04-07T03:53:41.183Z] Node Version:  v16.18.1
[debug] [2023-04-07T03:53:41.211Z] Time:          Thu Apr 06 2023 23:53:41 GMT-0400 (Eastern Daylight Time)
[debug] [2023-04-07T03:53:41.212Z] ----------------------------------------------------------------------
[debug] 
[debug] [2023-04-07T03:53:41.325Z] > command requires scopes: ["email","openid","https://www.googleapis.com/auth/cloudplatformprojects.readonly","https://www.googleapis.com/auth/firebase","https://www.googleapis.com/auth/cloud-platform"]
[debug] [2023-04-07T03:53:41.326Z] > authorizing via signed-in user (charles.j.montoya@gmail.com)
[debug] [2023-04-07T03:53:41.326Z] [iam] checking project local-worx for permissions ["cloudfunctions.functions.create","cloudfunctions.functions.delete","cloudfunctions.functions.get","cloudfunctions.functions.list","cloudfunctions.functions.update","cloudfunctions.operations.get","firebase.projects.get"]
[debug] [2023-04-07T03:53:41.334Z] > refreshing access token with scopes: []
[debug] [2023-04-07T03:53:41.338Z] >>> [apiv2][query] POST https://www.googleapis.com/oauth2/v3/token [none]
[debug] [2023-04-07T03:53:41.338Z] >>> [apiv2][body] POST https://www.googleapis.com/oauth2/v3/token [omitted]
[debug] [2023-04-07T03:53:41.789Z] <<< [apiv2][status] POST https://www.googleapis.com/oauth2/v3/token 200
[debug] [2023-04-07T03:53:41.789Z] <<< [apiv2][body] POST https://www.googleapis.com/oauth2/v3/token [omitted]
[debug] [2023-04-07T03:53:41.821Z] >>> [apiv2][query] POST https://cloudresourcemanager.googleapis.com/v1/projects/local-worx:testIamPermissions [none]
[debug] [2023-04-07T03:53:41.821Z] >>> [apiv2][(partial)header] POST https://cloudresourcemanager.googleapis.com/v1/projects/local-worx:testIamPermissions x-goog-quota-user=projects/local-worx
[debug] [2023-04-07T03:53:41.822Z] >>> [apiv2][body] POST https://cloudresourcemanager.googleapis.com/v1/projects/local-worx:testIamPermissions {"permissions":["cloudfunctions.functions.create","cloudfunctions.functions.delete","cloudfunctions.functions.get","cloudfunctions.functions.list","cloudfunctions.functions.update","cloudfunctions.operations.get","firebase.projects.get"]}
[debug] [2023-04-07T03:53:42.109Z] <<< [apiv2][status] POST https://cloudresourcemanager.googleapis.com/v1/projects/local-worx:testIamPermissions 200
[debug] [2023-04-07T03:53:42.109Z] <<< [apiv2][body] POST https://cloudresourcemanager.googleapis.com/v1/projects/local-worx:testIamPermissions {"permissions":["cloudfunctions.functions.create","cloudfunctions.functions.delete","cloudfunctions.functions.get","cloudfunctions.functions.list","cloudfunctions.functions.update","cloudfunctions.operations.get","firebase.projects.get"]}
[debug] [2023-04-07T03:53:42.110Z] >>> [apiv2][query] POST https://iam.googleapis.com/v1/projects/local-worx/serviceAccounts/local-worx@appspot.gserviceaccount.com:testIamPermissions [none]
[debug] [2023-04-07T03:53:42.110Z] >>> [apiv2][body] POST https://iam.googleapis.com/v1/projects/local-worx/serviceAccounts/local-worx@appspot.gserviceaccount.com:testIamPermissions {"permissions":["iam.serviceAccounts.actAs"]}
[debug] [2023-04-07T03:53:42.373Z] <<< [apiv2][status] POST https://iam.googleapis.com/v1/projects/local-worx/serviceAccounts/local-worx@appspot.gserviceaccount.com:testIamPermissions 200
[debug] [2023-04-07T03:53:42.374Z] <<< [apiv2][body] POST https://iam.googleapis.com/v1/projects/local-worx/serviceAccounts/local-worx@appspot.gserviceaccount.com:testIamPermissions {"permissions":["iam.serviceAccounts.actAs"]}
[info] 
[info] === Deploying to 'local-worx'...
[info] 
[info] i  deploying functions 
[debug] [2023-04-07T03:53:42.390Z] >>> [apiv2][query] GET https://firebase.googleapis.com/v1beta1/projects/local-worx [none]
[debug] [2023-04-07T03:53:42.735Z] <<< [apiv2][status] GET https://firebase.googleapis.com/v1beta1/projects/local-worx 200
[debug] [2023-04-07T03:53:42.736Z] <<< [apiv2][body] GET https://firebase.googleapis.com/v1beta1/projects/local-worx {"projectId":"local-worx","projectNumber":"683586936160","displayName":"local-worx","name":"projects/local-worx","resources":{"hostingSite":"local-worx","storageBucket":"local-worx.appspot.com","locationId":"us-central"},"state":"ACTIVE","etag":"1_e9692c0e-517e-49a3-bddb-6f49c41f3d8c"}
[info] i  functions: ensuring required API cloudfunctions.googleapis.com is enabled... 
[info] i  functions: ensuring required API cloudbuild.googleapis.com is enabled... 
[info] i  artifactregistry: ensuring required API artifactregistry.googleapis.com is enabled... 
[debug] [2023-04-07T03:53:42.740Z] >>> [apiv2][query] GET https://serviceusage.googleapis.com/v1/projects/local-worx/services/cloudfunctions.googleapis.com [none]
[debug] [2023-04-07T03:53:42.740Z] >>> [apiv2][(partial)header] GET https://serviceusage.googleapis.com/v1/projects/local-worx/services/cloudfunctions.googleapis.com x-goog-quota-user=projects/local-worx
[debug] [2023-04-07T03:53:42.741Z] >>> [apiv2][query] GET https://serviceusage.googleapis.com/v1/projects/local-worx/services/runtimeconfig.googleapis.com [none]
[debug] [2023-04-07T03:53:42.741Z] >>> [apiv2][(partial)header] GET https://serviceusage.googleapis.com/v1/projects/local-worx/services/runtimeconfig.googleapis.com x-goog-quota-user=projects/local-worx
[debug] [2023-04-07T03:53:42.743Z] >>> [apiv2][query] GET https://serviceusage.googleapis.com/v1/projects/local-worx/services/cloudbuild.googleapis.com [none]
[debug] [2023-04-07T03:53:42.743Z] >>> [apiv2][(partial)header] GET https://serviceusage.googleapis.com/v1/projects/local-worx/services/cloudbuild.googleapis.com x-goog-quota-user=projects/local-worx
[debug] [2023-04-07T03:53:42.744Z] >>> [apiv2][query] GET https://serviceusage.googleapis.com/v1/projects/local-worx/services/artifactregistry.googleapis.com [none]
[debug] [2023-04-07T03:53:42.745Z] >>> [apiv2][(partial)header] GET https://serviceusage.googleapis.com/v1/projects/local-worx/services/artifactregistry.googleapis.com x-goog-quota-user=projects/local-worx
[debug] [2023-04-07T03:53:43.224Z] <<< [apiv2][status] GET https://serviceusage.googleapis.com/v1/projects/local-worx/services/artifactregistry.googleapis.com 200
[debug] [2023-04-07T03:53:43.225Z] <<< [apiv2][body] GET https://serviceusage.googleapis.com/v1/projects/local-worx/services/artifactregistry.googleapis.com [omitted]
[info] ✔  artifactregistry: required API artifactregistry.googleapis.com is enabled 
[debug] [2023-04-07T03:53:43.232Z] <<< [apiv2][status] GET https://serviceusage.googleapis.com/v1/projects/local-worx/services/cloudbuild.googleapis.com 200
[debug] [2023-04-07T03:53:43.232Z] <<< [apiv2][body] GET https://serviceusage.googleapis.com/v1/projects/local-worx/services/cloudbuild.googleapis.com [omitted]
[info] ✔  functions: required API cloudbuild.googleapis.com is enabled 
[debug] [2023-04-07T03:53:43.233Z] <<< [apiv2][status] GET https://serviceusage.googleapis.com/v1/projects/local-worx/services/runtimeconfig.googleapis.com 200
[debug] [2023-04-07T03:53:43.233Z] <<< [apiv2][body] GET https://serviceusage.googleapis.com/v1/projects/local-worx/services/runtimeconfig.googleapis.com [omitted]
[debug] [2023-04-07T03:53:43.244Z] <<< [apiv2][status] GET https://serviceusage.googleapis.com/v1/projects/local-worx/services/cloudfunctions.googleapis.com 200
[debug] [2023-04-07T03:53:43.244Z] <<< [apiv2][body] GET https://serviceusage.googleapis.com/v1/projects/local-worx/services/cloudfunctions.googleapis.com [omitted]
[info] ✔  functions: required API cloudfunctions.googleapis.com is enabled 
[debug] [2023-04-07T03:53:43.245Z] >>> [apiv2][query] GET https://firebase.googleapis.com/v1beta1/projects/local-worx/adminSdkConfig [none]
[debug] [2023-04-07T03:53:43.605Z] <<< [apiv2][status] GET https://firebase.googleapis.com/v1beta1/projects/local-worx/adminSdkConfig 200
[debug] [2023-04-07T03:53:43.605Z] <<< [apiv2][body] GET https://firebase.googleapis.com/v1beta1/projects/local-worx/adminSdkConfig {"projectId":"local-worx","storageBucket":"local-worx.appspot.com","locationId":"us-central"}
[debug] [2023-04-07T03:53:43.606Z] >>> [apiv2][query] GET https://runtimeconfig.googleapis.com/v1beta1/projects/local-worx/configs [none]
[debug] [2023-04-07T03:53:44.044Z] <<< [apiv2][status] GET https://runtimeconfig.googleapis.com/v1beta1/projects/local-worx/configs 200
[debug] [2023-04-07T03:53:44.044Z] <<< [apiv2][body] GET https://runtimeconfig.googleapis.com/v1beta1/projects/local-worx/configs {}
[info] i  functions: preparing codebase default for deployment 
